<?xml version="1.0" encoding="UTF-8"?>
<testsuite xmlns:xsi="http://www.w3.org/2001/XMLSchema-instance" xsi:noNamespaceSchemaLocation="https://maven.apache.org/surefire/maven-surefire-plugin/xsd/surefire-test-report-3.0.xsd" version="3.0" name="edu.eci.cvds.tdd.library.LibraryTest" time="0.133" tests="23" errors="0" skipped="0" failures="0">
  <properties>
[...]
</properties>
  <testcase name="shouldNot_returnALoan_whenItNotExists" classname="edu.eci.cvds.tdd.library.LibraryTest" time="0.031"/>
  <testcase name="shouldNot_addBook_whenItHasSameIsbnButDifferentNameOrAuthor" classname="edu.eci.cvds.tdd.library.LibraryTest" time="0.002"/>
  <testcase name="should_returnALoan_whenTheLoanExists" classname="edu.eci.cvds.tdd.library.LibraryTest" time="0.011"/>
  <testcase name="shouldNot_loanABook_whenUserNotExists" classname="edu.eci.cvds.tdd.library.LibraryTest" time="0.002"/>
  <testcase name="shouldNot_addBook_whenItHasEmptyOrNullIsbn" classname="edu.eci.cvds.tdd.library.LibraryTest" time="0.003"/>
  <testcase name="sholdNot_addBook_whenItIsNull" classname="edu.eci.cvds.tdd.library.LibraryTest" time="0.001"/>
  <testcase name="should_changeStatus_whenReturnALoan" classname="edu.eci.cvds.tdd.library.LibraryTest" time="0.001"/>
  <testcase name="shouldNot_returnALoan_whenItIsReturned" classname="edu.eci.cvds.tdd.library.LibraryTest" time="0.002"/>
  <testcase name="should_loanABook_whenUserAndBookExists" classname="edu.eci.cvds.tdd.library.LibraryTest" time="0.001"/>
  <testcase name="should_IncreaseQuantity_WhenTheBookAlredyExists" classname="edu.eci.cvds.tdd.library.LibraryTest" time="0.0"/>
  <testcase name="shouldNot_loanABook_whenBookNotExists" classname="edu.eci.cvds.tdd.library.LibraryTest" time="0.002"/>
  <testcase name="should_getBookAuthor" classname="edu.eci.cvds.tdd.library.LibraryTest" time="0.0"/>
  <testcase name="should_getLoanDate" classname="edu.eci.cvds.tdd.library.LibraryTest" time="0.002"/>
  <testcase name="shouldNot_loanABook_whenTheUserAlreadyHasALoanForTheSameBook" classname="edu.eci.cvds.tdd.library.LibraryTest" time="0.001"/>
  <testcase name="should_AddBook_WhenTheBookAlredyExists" classname="edu.eci.cvds.tdd.library.LibraryTest" time="0.001"/>
  <testcase name="should_getName" classname="edu.eci.cvds.tdd.library.LibraryTest" time="0.001"/>
  <testcase name="should_increaseBooks_whenReturnALoan" classname="edu.eci.cvds.tdd.library.LibraryTest" time="0.001"/>
  <testcase name="should_changeReturnDate_whenReturnALoan" classname="edu.eci.cvds.tdd.library.LibraryTest" time="0.001"/>
  <testcase name="should_AddNewBook_WhenNotExists" classname="edu.eci.cvds.tdd.library.LibraryTest" time="0.001"/>
  <testcase name="shouldNot_loanABook_whenItIsUnavailable" classname="edu.eci.cvds.tdd.library.LibraryTest" time="0.002"/>
  <testcase name="should_getBookTitle" classname="edu.eci.cvds.tdd.library.LibraryTest" time="0.001"/>
  <testcase name="should_StartsWithOneBook_WhenIsNew" classname="edu.eci.cvds.tdd.library.LibraryTest" time="0.001"/>
  <testcase name="shouldNot_loanABook_whenUserOrBookIsNull" classname="edu.eci.cvds.tdd.library.LibraryTest" time="0.001"/>
</testsuite>